Start testing: Mar 13 18:04 CST
----------------------------------------------------------
Unable to find executable: Demo
1/5 Testing: test_run
1/5 Test: test_run
Command: "" "5" "2"
Directory: /Users/baidu/zhangsen/zhangtuo/work/cmake_demo/cmake-demo/Demo8
"test_run" start time: 
Output:
----------------------------------------------------------
<end of output>
Test time =   0.00 sec
----------------------------------------------------------
Test Passed.
"test_run" end time: Mar 13 18:04 CST
"test_run" time elapsed: 00:00:00
----------------------------------------------------------

Unable to find executable: Demo
2/5 Testing: test_usage
2/5 Test: test_usage
Command: ""
Directory: /Users/baidu/zhangsen/zhangtuo/work/cmake_demo/cmake-demo/Demo8
"test_usage" start time: 
Output:
----------------------------------------------------------
<end of output>
Test time =   0.00 sec
----------------------------------------------------------
Test Pass Reason:
Required regular expression not found.Regex=[Usage: .* base exponent
]
"test_usage" end time: Mar 13 18:04 CST
"test_usage" time elapsed: 00:00:00
----------------------------------------------------------

Unable to find executable: Demo
3/5 Testing: test_5_2
3/5 Test: test_5_2
Command: "" "5" "2"
Directory: /Users/baidu/zhangsen/zhangtuo/work/cmake_demo/cmake-demo/Demo8
"test_5_2" start time: 
Output:
----------------------------------------------------------
<end of output>
Test time =   0.00 sec
----------------------------------------------------------
Test Pass Reason:
Required regular expression not found.Regex=[is 25
]
"test_5_2" end time: Mar 13 18:04 CST
"test_5_2" time elapsed: 00:00:00
----------------------------------------------------------

Unable to find executable: Demo
4/5 Testing: test_10_5
4/5 Test: test_10_5
Command: "" "10" "5"
Directory: /Users/baidu/zhangsen/zhangtuo/work/cmake_demo/cmake-demo/Demo8
"test_10_5" start time: 
Output:
----------------------------------------------------------
<end of output>
Test time =   0.00 sec
----------------------------------------------------------
Test Pass Reason:
Required regular expression not found.Regex=[is 100000
]
"test_10_5" end time: Mar 13 18:04 CST
"test_10_5" time elapsed: 00:00:00
----------------------------------------------------------

Unable to find executable: Demo
5/5 Testing: test_2_10
5/5 Test: test_2_10
Command: "" "2" "10"
Directory: /Users/baidu/zhangsen/zhangtuo/work/cmake_demo/cmake-demo/Demo8
"test_2_10" start time: 
Output:
----------------------------------------------------------
<end of output>
Test time =   0.00 sec
----------------------------------------------------------
Test Pass Reason:
Required regular expression not found.Regex=[is 1024
]
"test_2_10" end time: Mar 13 18:04 CST
"test_2_10" time elapsed: 00:00:00
----------------------------------------------------------

End testing: Mar 13 18:04 CST
